[debug] [2025-07-24T20:37:11.210Z] ----------------------------------------------------------------------
[debug] [2025-07-24T20:37:11.216Z] Command:       C:\Program Files\nodejs\node.exe C:\Users\Lenovo\AppData\Roaming\npm\node_modules\firebase-tools\lib\bin\firebase.js apps:sdkconfig web 1:930156239352:web:774c013c5bbd0995861e0d --json
[debug] [2025-07-24T20:37:11.217Z] CLI Version:   14.11.1
[debug] [2025-07-24T20:37:11.217Z] Platform:      win32
[debug] [2025-07-24T20:37:11.218Z] Node Version:  v22.4.1
[debug] [2025-07-24T20:37:11.218Z] Time:          Thu Jul 24 2025 20:37:11 GMT+0000 (heure moyenne de Greenwich)
[debug] [2025-07-24T20:37:11.219Z] ----------------------------------------------------------------------
[debug] 
[debug] [2025-07-24T20:37:11.234Z] > command requires scopes: ["email","openid","https://www.googleapis.com/auth/cloudplatformprojects.readonly","https://www.googleapis.com/auth/firebase","https://www.googleapis.com/auth/cloud-platform"]
[debug] [2025-07-24T20:37:11.235Z] > authorizing via signed-in user (i4961454@gmail.com)
[debug] [2025-07-24T20:37:11.245Z] Checked if tokens are valid: true, expires at: 1753392537699
[debug] [2025-07-24T20:37:11.245Z] Checked if tokens are valid: true, expires at: 1753392537699
[debug] [2025-07-24T20:37:11.249Z] >>> [apiv2][query] GET https://firebase.googleapis.com/v1beta1/projects/-/webApps/1:930156239352:web:774c013c5bbd0995861e0d/config [none]
[debug] [2025-07-24T20:37:14.222Z] <<< [apiv2][status] GET https://firebase.googleapis.com/v1beta1/projects/-/webApps/1:930156239352:web:774c013c5bbd0995861e0d/config 200
[debug] [2025-07-24T20:37:14.223Z] <<< [apiv2][body] GET https://firebase.googleapis.com/v1beta1/projects/-/webApps/1:930156239352:web:774c013c5bbd0995861e0d/config {"projectId":"retrouvetout-c92ba","appId":"1:930156239352:web:774c013c5bbd0995861e0d","storageBucket":"retrouvetout-c92ba.firebasestorage.app","apiKey":"AIzaSyCTUJNMdaDOWdlj-LDMSkS7Lm5a2fRG1EA","authDomain":"retrouvetout-c92ba.firebaseapp.com","messagingSenderId":"930156239352","measurementId":"G-FB9ZLCV1KB"}
[info] {
  "projectId": "retrouvetout-c92ba",
  "appId": "1:930156239352:web:774c013c5bbd0995861e0d",
  "storageBucket": "retrouvetout-c92ba.firebasestorage.app",
  "apiKey": "AIzaSyCTUJNMdaDOWdlj-LDMSkS7Lm5a2fRG1EA",
  "authDomain": "retrouvetout-c92ba.firebaseapp.com",
  "messagingSenderId": "930156239352",
  "measurementId": "G-FB9ZLCV1KB"
}
[debug] [2025-07-24T20:37:24.244Z] Error: Timed out.
    at Timeout._onTimeout (C:\Users\Lenovo\AppData\Roaming\npm\node_modules\firebase-tools\lib\utils.js:272:49)
    at listOnTimeout (node:internal/timers:581:17)
    at process.processTimers (node:internal/timers:519:7)
[error] 
[error] Error: An unexpected error has occurred.
